<?xml version="1.0" encoding="UTF-8"?>
<robot generator="Robot 5.0 (Python 3.10.4 on win32)" generated="20220425 23:30:56.296" rpa="false" schemaversion="3">
<suite id="s1" name="TestPratice" source="C:\Users\Jean Luka\Desktop\Rotob-framework-test-automation-main\robotPage\TestCases\TestPratice.robot">
<test id="s1-t1" name="Caso de Teste 01: comprar produto" line="10">
<kw name="Abrir Navegador" library="base" type="SETUP">
<kw name="Open Browser" library="Selenium2Library">
<arg>${url}</arg>
<arg>${browser}</arg>
<doc>Opens a new browser instance to the optional ``url``.</doc>
<msg timestamp="20220425 23:30:56.504" level="INFO">Opening browser 'chrome' to base url 'http://www.automationpractice.com/'.</msg>
<status status="PASS" starttime="20220425 23:30:56.504" endtime="20220425 23:31:01.708"/>
</kw>
<kw name="Maximize Browser Window" library="Selenium2Library">
<doc>Maximizes current browser window.</doc>
<status status="PASS" starttime="20220425 23:31:01.708" endtime="20220425 23:31:01.821"/>
</kw>
<status status="PASS" starttime="20220425 23:30:56.504" endtime="20220425 23:31:01.821"/>
</kw>
<kw name="Dado que eu tenha acessado a pagina" library="PK">
<kw name="Validar acesso" library="PA">
<kw name="Valida titulo" library="PO">
<kw name="Title Should Be" library="Selenium2Library">
<arg>My Store</arg>
<doc>Verifies that the current page title equals ``title``.</doc>
<msg timestamp="20220425 23:31:01.826" level="INFO">Page title is 'My Store'.</msg>
<status status="PASS" starttime="20220425 23:31:01.823" endtime="20220425 23:31:01.826"/>
</kw>
<status status="PASS" starttime="20220425 23:31:01.823" endtime="20220425 23:31:01.827"/>
</kw>
<status status="PASS" starttime="20220425 23:31:01.822" endtime="20220425 23:31:01.827"/>
</kw>
<status status="PASS" starttime="20220425 23:31:01.822" endtime="20220425 23:31:01.827"/>
</kw>
<kw name="e tenha escolhido um produto" library="PK">
<kw name="Buscar produto" library="PA">
<kw name="Digitar elemento" library="PO">
<kw name="Input Text" library="Selenium2Library">
<arg>xpath://*[@id="search_query_top"]</arg>
<arg>${produto}</arg>
<doc>Types the given ``text`` into the text field identified by ``locator``.</doc>
<msg timestamp="20220425 23:31:01.828" level="INFO">Typing text 'T-shirts' into text field 'xpath://*[@id="search_query_top"]'.</msg>
<status status="PASS" starttime="20220425 23:31:01.828" endtime="20220425 23:31:01.900"/>
</kw>
<status status="PASS" starttime="20220425 23:31:01.827" endtime="20220425 23:31:01.900"/>
</kw>
<kw name="Botão buscar" library="PO">
<kw name="Click Element" library="Selenium2Library">
<arg>xpath://*[@id="searchbox"]/button</arg>
<doc>Click the element identified by ``locator``.</doc>
<msg timestamp="20220425 23:31:01.901" level="INFO">Clicking element 'xpath://*[@id="searchbox"]/button'.</msg>
<status status="PASS" starttime="20220425 23:31:01.901" endtime="20220425 23:31:03.137"/>
</kw>
<status status="PASS" starttime="20220425 23:31:01.900" endtime="20220425 23:31:03.137"/>
</kw>
<status status="PASS" starttime="20220425 23:31:01.827" endtime="20220425 23:31:03.137"/>
</kw>
<kw name="adicionar no carrinho" library="PA">
<kw name="Sleep" library="BuiltIn">
<arg>2</arg>
<doc>Pauses the test executed for the given time.</doc>
<msg timestamp="20220425 23:31:05.137" level="INFO">Slept 2 seconds</msg>
<status status="PASS" starttime="20220425 23:31:03.137" endtime="20220425 23:31:05.137"/>
</kw>
<kw name="Conferir disponibilidade" library="PO">
<kw name="Wait Until Page Contains Element" library="Selenium2Library">
<arg>xpath://*[@id="center_column"]/ul/li/div/div[2]/span/span</arg>
<arg>timeout=10</arg>
<doc>Waits until the element ``locator`` appears on the current page.</doc>
<status status="PASS" starttime="20220425 23:31:05.137" endtime="20220425 23:31:05.147"/>
</kw>
<kw name="Set Focus To Element" library="Selenium2Library">
<arg>xpath://*[@id="center_column"]/ul/li/div/div[2]/span/span</arg>
<doc>Sets the focus to the element identified by ``locator``.</doc>
<status status="PASS" starttime="20220425 23:31:05.147" endtime="20220425 23:31:05.157"/>
</kw>
<kw name="Mouse Over" library="Selenium2Library">
<arg>xpath://*[@id="center_column"]/ul/li/div/div[2]/span/span</arg>
<doc>Simulates hovering the mouse over the element ``locator``.</doc>
<msg timestamp="20220425 23:31:05.157" level="INFO">Simulating Mouse Over on element 'xpath://*[@id="center_column"]/ul/li/div/div[2]/span/span'.</msg>
<status status="PASS" starttime="20220425 23:31:05.157" endtime="20220425 23:31:05.438"/>
</kw>
<kw name="Element Text Should Be" library="Selenium2Library">
<arg>xpath://*[@id="center_column"]/ul/li/div/div[2]/span/span</arg>
<arg>In stock</arg>
<doc>Verifies that element ``locator`` contains exact the text ``expected``.</doc>
<msg timestamp="20220425 23:31:05.438" level="INFO">Verifying element 'xpath://*[@id="center_column"]/ul/li/div/div[2]/span/span' contains exact text 'In stock'.</msg>
<status status="PASS" starttime="20220425 23:31:05.438" endtime="20220425 23:31:05.452"/>
</kw>
<status status="PASS" starttime="20220425 23:31:05.137" endtime="20220425 23:31:05.452"/>
</kw>
<kw name="Sleep" library="BuiltIn">
<arg>2</arg>
<doc>Pauses the test executed for the given time.</doc>
<msg timestamp="20220425 23:31:07.454" level="INFO">Slept 2 seconds</msg>
<status status="PASS" starttime="20220425 23:31:05.452" endtime="20220425 23:31:07.454"/>
</kw>
<kw name="click add carinho" library="PO">
<kw name="Mouse Over" library="Selenium2Library">
<arg>xpath://*[@id="center_column"]/ul/li/div/div[2]/span/span</arg>
<doc>Simulates hovering the mouse over the element ``locator``.</doc>
<msg timestamp="20220425 23:31:07.454" level="INFO">Simulating Mouse Over on element 'xpath://*[@id="center_column"]/ul/li/div/div[2]/span/span'.</msg>
<status status="PASS" starttime="20220425 23:31:07.454" endtime="20220425 23:31:07.715"/>
</kw>
<kw name="Click Element" library="Selenium2Library">
<arg>xpath://*[@id="center_column"]/ul/li/div/div[2]/div[2]/a[1]</arg>
<doc>Click the element identified by ``locator``.</doc>
<msg timestamp="20220425 23:31:07.715" level="INFO">Clicking element 'xpath://*[@id="center_column"]/ul/li/div/div[2]/div[2]/a[1]'.</msg>
<status status="PASS" starttime="20220425 23:31:07.715" endtime="20220425 23:31:07.746"/>
</kw>
<status status="PASS" starttime="20220425 23:31:07.454" endtime="20220425 23:31:07.746"/>
</kw>
<kw name="proceed to checkout" library="PO">
<kw name="Wait Until Page Contains Element" library="Selenium2Library">
<arg>xpath://*[@id="layer_cart"]/div[1]/div[2]/div[4]/a</arg>
<arg>timeout=10</arg>
<doc>Waits until the element ``locator`` appears on the current page.</doc>
<status status="PASS" starttime="20220425 23:31:07.747" endtime="20220425 23:31:07.756"/>
</kw>
<kw name="Wait Until Element Is Visible" library="Selenium2Library">
<arg>xpath://*[@id="layer_cart"]/div[1]/div[2]/div[4]/a</arg>
<doc>Waits until the element ``locator`` is visible.</doc>
<status status="PASS" starttime="20220425 23:31:07.756" endtime="20220425 23:31:09.038"/>
</kw>
<kw name="Wait Until Element Is Enabled" library="Selenium2Library">
<arg>xpath://*[@id="layer_cart"]/div[1]/div[2]/div[4]/a</arg>
<doc>Waits until the element ``locator`` is enabled.</doc>
<status status="PASS" starttime="20220425 23:31:09.038" endtime="20220425 23:31:09.058"/>
</kw>
<kw name="Click Element" library="Selenium2Library">
<arg>xpath://*[@id="layer_cart"]/div[1]/div[2]/div[4]/a</arg>
<doc>Click the element identified by ``locator``.</doc>
<msg timestamp="20220425 23:31:09.058" level="INFO">Clicking element 'xpath://*[@id="layer_cart"]/div[1]/div[2]/div[4]/a'.</msg>
<status status="PASS" starttime="20220425 23:31:09.058" endtime="20220425 23:31:12.314"/>
</kw>
<kw name="Set Global Variable" library="BuiltIn">
<arg>${productValue}</arg>
<doc>Makes a variable available globally in all tests and suites.</doc>
<msg timestamp="20220425 23:31:12.315" level="INFO">${productValue} = </msg>
<status status="PASS" starttime="20220425 23:31:12.314" endtime="20220425 23:31:12.315"/>
</kw>
<kw name="Get Text" library="Selenium2Library">
<var>${productValue}</var>
<arg>xpath://*[@id="total_price"]</arg>
<doc>Returns the text value of the element identified by ``locator``.</doc>
<msg timestamp="20220425 23:31:12.332" level="INFO">${productValue} = $18.51</msg>
<status status="PASS" starttime="20220425 23:31:12.315" endtime="20220425 23:31:12.332"/>
</kw>
<kw name="Click Element" library="Selenium2Library">
<arg>xpath://*[@id="center_column"]/p[2]/a[1]</arg>
<doc>Click the element identified by ``locator``.</doc>
<msg timestamp="20220425 23:31:12.332" level="INFO">Clicking element 'xpath://*[@id="center_column"]/p[2]/a[1]'.</msg>
<status status="PASS" starttime="20220425 23:31:12.332" endtime="20220425 23:31:15.165"/>
</kw>
<status status="PASS" starttime="20220425 23:31:07.746" endtime="20220425 23:31:15.165"/>
</kw>
<status status="PASS" starttime="20220425 23:31:03.137" endtime="20220425 23:31:15.165"/>
</kw>
<status status="PASS" starttime="20220425 23:31:01.827" endtime="20220425 23:31:15.165"/>
</kw>
<kw name="e feito um cadastro" library="PK">
<kw name="Fazer cadastro" library="PA">
<kw name="cadastrar email" library="PO">
<kw name="Input Text" library="Selenium2Library">
<arg>id:email_create</arg>
<arg>${email}</arg>
<doc>Types the given ``text`` into the text field identified by ``locator``.</doc>
<msg timestamp="20220425 23:31:15.166" level="INFO">Typing text 'jeanluka+2@gmail.com' into text field 'id:email_create'.</msg>
<status status="PASS" starttime="20220425 23:31:15.166" endtime="20220425 23:31:15.230"/>
</kw>
<kw name="Click Element" library="Selenium2Library">
<arg>id:SubmitCreate</arg>
<doc>Click the element identified by ``locator``.</doc>
<msg timestamp="20220425 23:31:15.230" level="INFO">Clicking element 'id:SubmitCreate'.</msg>
<status status="PASS" starttime="20220425 23:31:15.230" endtime="20220425 23:31:15.271"/>
</kw>
<status status="PASS" starttime="20220425 23:31:15.166" endtime="20220425 23:31:15.271"/>
</kw>
<kw name="cadastrar informações" library="PO">
<kw name="Wait Until Page Contains Element" library="Selenium2Library">
<arg>name:id_gender</arg>
<arg>timeout=20</arg>
<doc>Waits until the element ``locator`` appears on the current page.</doc>
<status status="PASS" starttime="20220425 23:31:15.271" endtime="20220425 23:31:16.716"/>
</kw>
<kw name="Select Radio Button" library="Selenium2Library">
<arg>id_gender</arg>
<arg>1</arg>
<doc>Sets the radio button group ``group_name`` to ``value``.</doc>
<msg timestamp="20220425 23:31:16.716" level="INFO">Selecting '1' from radio button 'id_gender'.</msg>
<status status="PASS" starttime="20220425 23:31:16.716" endtime="20220425 23:31:16.754"/>
</kw>
<kw name="Input Text" library="Selenium2Library">
<arg>id:customer_firstname</arg>
<arg>${name}</arg>
<doc>Types the given ``text`` into the text field identified by ``locator``.</doc>
<msg timestamp="20220425 23:31:16.755" level="INFO">Typing text 'jean' into text field 'id:customer_firstname'.</msg>
<status status="PASS" starttime="20220425 23:31:16.754" endtime="20220425 23:31:16.816"/>
</kw>
<kw name="Input Text" library="Selenium2Library">
<arg>id:customer_lastname</arg>
<arg>${lastname}</arg>
<doc>Types the given ``text`` into the text field identified by ``locator``.</doc>
<msg timestamp="20220425 23:31:16.816" level="INFO">Typing text 'santos' into text field 'id:customer_lastname'.</msg>
<status status="PASS" starttime="20220425 23:31:16.816" endtime="20220425 23:31:16.881"/>
</kw>
<kw name="Input Text" library="Selenium2Library">
<arg>id:email</arg>
<arg>${email}</arg>
<doc>Types the given ``text`` into the text field identified by ``locator``.</doc>
<msg timestamp="20220425 23:31:16.882" level="INFO">Typing text 'jeanluka+2@gmail.com' into text field 'id:email'.</msg>
<status status="PASS" starttime="20220425 23:31:16.881" endtime="20220425 23:31:16.955"/>
</kw>
<kw name="Input Text" library="Selenium2Library">
<arg>id:passwd</arg>
<arg>${password}</arg>
<doc>Types the given ``text`` into the text field identified by ``locator``.</doc>
<msg timestamp="20220425 23:31:16.955" level="INFO">Typing text '123456789' into text field 'id:passwd'.</msg>
<status status="PASS" starttime="20220425 23:31:16.955" endtime="20220425 23:31:17.013"/>
</kw>
<kw name="Input Text" library="Selenium2Library">
<arg>id:address1</arg>
<arg>${address}</arg>
<doc>Types the given ``text`` into the text field identified by ``locator``.</doc>
<msg timestamp="20220425 23:31:17.014" level="INFO">Typing text '508' into text field 'id:address1'.</msg>
<status status="PASS" starttime="20220425 23:31:17.013" endtime="20220425 23:31:17.071"/>
</kw>
<kw name="Input Text" library="Selenium2Library">
<arg>id:city</arg>
<arg>${city}</arg>
<doc>Types the given ``text`` into the text field identified by ``locator``.</doc>
<msg timestamp="20220425 23:31:17.071" level="INFO">Typing text 'Alvorada' into text field 'id:city'.</msg>
<status status="PASS" starttime="20220425 23:31:17.071" endtime="20220425 23:31:17.132"/>
</kw>
<kw name="Set Focus To Element" library="Selenium2Library">
<arg>xpath://*[@id="id_state"]</arg>
<doc>Sets the focus to the element identified by ``locator``.</doc>
<status status="PASS" starttime="20220425 23:31:17.132" endtime="20220425 23:31:17.143"/>
</kw>
<kw name="Wait Until Page Contains Element" library="Selenium2Library">
<arg>id:id_state</arg>
<arg>timeout=10</arg>
<doc>Waits until the element ``locator`` appears on the current page.</doc>
<status status="PASS" starttime="20220425 23:31:17.144" endtime="20220425 23:31:17.151"/>
</kw>
<kw name="Wait Until Element Is Enabled" library="Selenium2Library">
<arg>id:id_state</arg>
<arg>timeout=10</arg>
<doc>Waits until the element ``locator`` is enabled.</doc>
<status status="PASS" starttime="20220425 23:31:17.151" endtime="20220425 23:31:17.171"/>
</kw>
<kw name="Sleep" library="BuiltIn">
<arg>5</arg>
<doc>Pauses the test executed for the given time.</doc>
<msg timestamp="20220425 23:31:22.173" level="INFO">Slept 5 seconds</msg>
<status status="PASS" starttime="20220425 23:31:17.171" endtime="20220425 23:31:22.173"/>
</kw>
<kw name="Select From List By Value" library="Selenium2Library">
<arg>id:id_state</arg>
<arg>1</arg>
<doc>Selects options from selection list ``locator`` by ``values``.</doc>
<msg timestamp="20220425 23:31:22.173" level="INFO">Selecting options from selection list 'id:id_state' by value 1.</msg>
<status status="PASS" starttime="20220425 23:31:22.173" endtime="20220425 23:31:22.215"/>
</kw>
<kw name="Wait Until Element Is Enabled" library="Selenium2Library">
<arg>id:postcode</arg>
<doc>Waits until the element ``locator`` is enabled.</doc>
<status status="PASS" starttime="20220425 23:31:22.215" endtime="20220425 23:31:22.236"/>
</kw>
<kw name="Wait Until Element Is Visible" library="Selenium2Library">
<arg>id:postcode</arg>
<doc>Waits until the element ``locator`` is visible.</doc>
<status status="PASS" starttime="20220425 23:31:22.236" endtime="20220425 23:31:22.247"/>
</kw>
<kw name="Set Focus To Element" library="Selenium2Library">
<arg>id:postcode</arg>
<doc>Sets the focus to the element identified by ``locator``.</doc>
<status status="PASS" starttime="20220425 23:31:22.247" endtime="20220425 23:31:22.258"/>
</kw>
<kw name="Input Text" library="Selenium2Library">
<arg>id:postcode</arg>
<arg>${postalCode}</arg>
<doc>Types the given ``text`` into the text field identified by ``locator``.</doc>
<msg timestamp="20220425 23:31:22.258" level="INFO">Typing text '35242' into text field 'id:postcode'.</msg>
<status status="PASS" starttime="20220425 23:31:22.258" endtime="20220425 23:31:22.306"/>
</kw>
<kw name="Input Text" library="Selenium2Library">
<arg>id:phone_mobile</arg>
<arg>${phone}</arg>
<doc>Types the given ``text`` into the text field identified by ``locator``.</doc>
<msg timestamp="20220425 23:31:22.306" level="INFO">Typing text '(51)99999-9999' into text field 'id:phone_mobile'.</msg>
<status status="PASS" starttime="20220425 23:31:22.306" endtime="20220425 23:31:22.379"/>
</kw>
<kw name="Input Text" library="Selenium2Library">
<arg>id:alias</arg>
<arg>${email2}</arg>
<doc>Types the given ``text`` into the text field identified by ``locator``.</doc>
<msg timestamp="20220425 23:31:22.380" level="INFO">Typing text 'jeanluka+3@gmail.com' into text field 'id:alias'.</msg>
<status status="PASS" starttime="20220425 23:31:22.379" endtime="20220425 23:31:22.447"/>
</kw>
<kw name="Click Element" library="Selenium2Library">
<arg>id:submitAccount</arg>
<doc>Click the element identified by ``locator``.</doc>
<msg timestamp="20220425 23:31:22.447" level="INFO">Clicking element 'id:submitAccount'.</msg>
<status status="PASS" starttime="20220425 23:31:22.447" endtime="20220425 23:31:24.001"/>
</kw>
<status status="PASS" starttime="20220425 23:31:15.271" endtime="20220425 23:31:24.002"/>
</kw>
<status status="PASS" starttime="20220425 23:31:15.166" endtime="20220425 23:31:24.002"/>
</kw>
<status status="PASS" starttime="20220425 23:31:15.165" endtime="20220425 23:31:24.002"/>
</kw>
<kw name="e validado o valor do produto" library="PK">
<kw name="Validada preço" library="PA">
<kw name="validar dados de entrega" library="PO">
<kw name="Element Text Should Be" library="Selenium2Library">
<arg>xpath://*[@id="address_delivery"]/li[2]</arg>
<arg>jean santos</arg>
<doc>Verifies that element ``locator`` contains exact the text ``expected``.</doc>
<msg timestamp="20220425 23:31:24.003" level="INFO">Verifying element 'xpath://*[@id="address_delivery"]/li[2]' contains exact text 'jean santos'.</msg>
<status status="PASS" starttime="20220425 23:31:24.003" endtime="20220425 23:31:24.019"/>
</kw>
<kw name="Element Text Should Be" library="Selenium2Library">
<arg>xpath://*[@id="address_delivery"]/li[3]</arg>
<arg>${address}</arg>
<doc>Verifies that element ``locator`` contains exact the text ``expected``.</doc>
<msg timestamp="20220425 23:31:24.020" level="INFO">Verifying element 'xpath://*[@id="address_delivery"]/li[3]' contains exact text '508'.</msg>
<status status="PASS" starttime="20220425 23:31:24.019" endtime="20220425 23:31:24.036"/>
</kw>
<kw name="Element Text Should Be" library="Selenium2Library">
<arg>xpath://*[@id="address_delivery"]/li[4]</arg>
<arg>Alvorada, Alabama 35242</arg>
<doc>Verifies that element ``locator`` contains exact the text ``expected``.</doc>
<msg timestamp="20220425 23:31:24.036" level="INFO">Verifying element 'xpath://*[@id="address_delivery"]/li[4]' contains exact text 'Alvorada, Alabama 35242'.</msg>
<status status="PASS" starttime="20220425 23:31:24.036" endtime="20220425 23:31:24.050"/>
</kw>
<kw name="Element Text Should Be" library="Selenium2Library">
<arg>xpath://*[@id="address_delivery"]/li[5]</arg>
<arg>United States</arg>
<doc>Verifies that element ``locator`` contains exact the text ``expected``.</doc>
<msg timestamp="20220425 23:31:24.050" level="INFO">Verifying element 'xpath://*[@id="address_delivery"]/li[5]' contains exact text 'United States'.</msg>
<status status="PASS" starttime="20220425 23:31:24.050" endtime="20220425 23:31:24.064"/>
</kw>
<kw name="Element Text Should Be" library="Selenium2Library">
<arg>xpath://*[@id="address_delivery"]/li[6]</arg>
<arg>${phone}</arg>
<doc>Verifies that element ``locator`` contains exact the text ``expected``.</doc>
<msg timestamp="20220425 23:31:24.065" level="INFO">Verifying element 'xpath://*[@id="address_delivery"]/li[6]' contains exact text '(51)99999-9999'.</msg>
<status status="PASS" starttime="20220425 23:31:24.064" endtime="20220425 23:31:24.081"/>
</kw>
<kw name="Click Element" library="Selenium2Library">
<arg>xpath://*[@id="center_column"]/form/p/button</arg>
<doc>Click the element identified by ``locator``.</doc>
<msg timestamp="20220425 23:31:24.081" level="INFO">Clicking element 'xpath://*[@id="center_column"]/form/p/button'.</msg>
<status status="PASS" starttime="20220425 23:31:24.081" endtime="20220425 23:31:25.050"/>
</kw>
<kw name="Click Element" library="Selenium2Library">
<arg>xpath://*[@id="form"]/div/p[2]/label</arg>
<doc>Click the element identified by ``locator``.</doc>
<msg timestamp="20220425 23:31:25.050" level="INFO">Clicking element 'xpath://*[@id="form"]/div/p[2]/label'.</msg>
<status status="PASS" starttime="20220425 23:31:25.050" endtime="20220425 23:31:25.081"/>
</kw>
<kw name="Click Element" library="Selenium2Library">
<arg>xpath://*[@id="form"]/p/button</arg>
<doc>Click the element identified by ``locator``.</doc>
<msg timestamp="20220425 23:31:25.082" level="INFO">Clicking element 'xpath://*[@id="form"]/p/button'.</msg>
<status status="PASS" starttime="20220425 23:31:25.082" endtime="20220425 23:31:25.958"/>
</kw>
<status status="PASS" starttime="20220425 23:31:24.002" endtime="20220425 23:31:25.958"/>
</kw>
<kw name="validar preço" library="PO">
<kw name="Element Text Should Be" library="Selenium2Library">
<arg>xpath://*[@id="total_price"]</arg>
<arg>$19.25</arg>
<doc>Verifies that element ``locator`` contains exact the text ``expected``.</doc>
<msg timestamp="20220425 23:31:25.959" level="INFO">Verifying element 'xpath://*[@id="total_price"]' contains exact text '$19.25'.</msg>
<status status="PASS" starttime="20220425 23:31:25.958" endtime="20220425 23:31:25.979"/>
</kw>
<status status="PASS" starttime="20220425 23:31:25.958" endtime="20220425 23:31:25.979"/>
</kw>
<status status="PASS" starttime="20220425 23:31:24.002" endtime="20220425 23:31:25.979"/>
</kw>
<status status="PASS" starttime="20220425 23:31:24.002" endtime="20220425 23:31:25.979"/>
</kw>
<kw name="então efetua a compra" library="PK">
<kw name="efetua compra" library="PA">
<kw name="comprar" library="PO">
<kw name="Click Element" library="Selenium2Library">
<arg>xpath://*[@id="HOOK_PAYMENT"]/div[1]/div/p/a</arg>
<doc>Click the element identified by ``locator``.</doc>
<msg timestamp="20220425 23:31:25.981" level="INFO">Clicking element 'xpath://*[@id="HOOK_PAYMENT"]/div[1]/div/p/a'.</msg>
<status status="PASS" starttime="20220425 23:31:25.980" endtime="20220425 23:31:27.050"/>
</kw>
<kw name="Click Element" library="Selenium2Library">
<arg>xpath://*[@id="cart_navigation"]/button</arg>
<doc>Click the element identified by ``locator``.</doc>
<msg timestamp="20220425 23:31:27.050" level="INFO">Clicking element 'xpath://*[@id="cart_navigation"]/button'.</msg>
<status status="PASS" starttime="20220425 23:31:27.050" endtime="20220425 23:31:29.175"/>
</kw>
<kw name="Title Should Be" library="Selenium2Library">
<arg>Order confirmation - My Store</arg>
<doc>Verifies that the current page title equals ``title``.</doc>
<msg timestamp="20220425 23:31:29.179" level="INFO">Page title is 'Order confirmation - My Store'.</msg>
<status status="PASS" starttime="20220425 23:31:29.175" endtime="20220425 23:31:29.179"/>
</kw>
<status status="PASS" starttime="20220425 23:31:25.980" endtime="20220425 23:31:29.179"/>
</kw>
<status status="PASS" starttime="20220425 23:31:25.980" endtime="20220425 23:31:29.179"/>
</kw>
<status status="PASS" starttime="20220425 23:31:25.980" endtime="20220425 23:31:29.179"/>
</kw>
<kw name="fechar navegador" library="base" type="TEARDOWN">
<kw name="Close Browser" library="Selenium2Library">
<doc>Closes the current browser.</doc>
<status status="PASS" starttime="20220425 23:31:29.180" endtime="20220425 23:31:31.260"/>
</kw>
<status status="PASS" starttime="20220425 23:31:29.180" endtime="20220425 23:31:31.260"/>
</kw>
<status status="PASS" starttime="20220425 23:30:56.503" endtime="20220425 23:31:31.260"/>
</test>
<status status="PASS" starttime="20220425 23:30:56.297" endtime="20220425 23:31:31.261"/>
</suite>
<statistics>
<total>
<stat pass="1" fail="0" skip="0">All Tests</stat>
</total>
<tag>
</tag>
<suite>
<stat pass="1" fail="0" skip="0" id="s1" name="TestPratice">TestPratice</stat>
</suite>
</statistics>
<errors>
<msg timestamp="20220425 23:30:56.500" level="ERROR">Error in file 'C:\Users\Jean Luka\Desktop\Rotob-framework-test-automation-main\robotPage\ResourceCommon\base.robot' on line 4: Importing library 'RequestsLibrary' failed: ModuleNotFoundError: No module named 'RequestsLibrary'
Traceback (most recent call last):
  None
PYTHONPATH:
  C:\Users\Jean Luka\AppData\Local\Programs\Python\Python310\Scripts\robot.exe
  C:\Users\Jean Luka\AppData\Local\Programs\Python\Python310\python310.zip
  C:\Users\Jean Luka\AppData\Local\Programs\Python\Python310\DLLs
  C:\Users\Jean Luka\AppData\Local\Programs\Python\Python310\lib
  C:\Users\Jean Luka\AppData\Local\Programs\Python\Python310
  C:\Users\Jean Luka\AppData\Local\Programs\Python\Python310\lib\site-packages
  C:\Users\Jean Luka\AppData\Local\Programs\Python\Python310\lib\site-packages\win32
  C:\Users\Jean Luka\AppData\Local\Programs\Python\Python310\lib\site-packages\win32\lib
  C:\Users\Jean Luka\AppData\Local\Programs\Python\Python310\lib\site-packages\Pythonwin</msg>
</errors>
</robot>
